[09-Oct-2021 15:30:46 Europe/Berlin] PHP Deprecated:  Array and string offset access syntax with curly braces is deprecated in /var/www/html/dev-quiz/projet-solo-mathilde/src/Controller/InfoController.php on line 41
[09-Oct-2021 15:30:46 Europe/Berlin] PHP Deprecated:  Array and string offset access syntax with curly braces is deprecated in /var/www/html/dev-quiz/projet-solo-mathilde/src/Controller/InfoController.php on line 45
[09-Oct-2021 15:31:43 Europe/Berlin] PHP Deprecated:  Array and string offset access syntax with curly braces is deprecated in /var/www/html/dev-quiz/projet-solo-mathilde/src/Controller/InfoController.php on line 41
[09-Oct-2021 15:31:43 Europe/Berlin] PHP Deprecated:  Array and string offset access syntax with curly braces is deprecated in /var/www/html/dev-quiz/projet-solo-mathilde/src/Controller/InfoController.php on line 45
[09-Oct-2021 15:33:18 Europe/Berlin] PHP Deprecated:  Array and string offset access syntax with curly braces is deprecated in /var/www/html/dev-quiz/projet-solo-mathilde/src/Controller/InfoController.php on line 41
[09-Oct-2021 15:33:18 Europe/Berlin] PHP Deprecated:  Array and string offset access syntax with curly braces is deprecated in /var/www/html/dev-quiz/projet-solo-mathilde/src/Controller/InfoController.php on line 45
[09-Oct-2021 16:48:48 Europe/Berlin] PHP Deprecated:  Array and string offset access syntax with curly braces is deprecated in /var/www/html/dev-quiz/projet-solo-mathilde/src/Controller/InfoController.php on line 41
[09-Oct-2021 16:48:48 Europe/Berlin] PHP Deprecated:  Array and string offset access syntax with curly braces is deprecated in /var/www/html/dev-quiz/projet-solo-mathilde/src/Controller/InfoController.php on line 45
[20-Oct-2021 19:38:30 Europe/Berlin] PHP Deprecated:  Array and string offset access syntax with curly braces is deprecated in /var/www/html/dev-quiz/projet-solo-mathilde/src/Controller/InfoController.php on line 41
[20-Oct-2021 19:38:30 Europe/Berlin] PHP Deprecated:  Array and string offset access syntax with curly braces is deprecated in /var/www/html/dev-quiz/projet-solo-mathilde/src/Controller/InfoController.php on line 45
[24-Oct-2021 22:12:53 Europe/Berlin] PHP Deprecated:  Array and string offset access syntax with curly braces is deprecated in /var/www/html/dev-quiz/projet-solo-mathilde/src/Controller/InfoController.php on line 41
[24-Oct-2021 22:12:53 Europe/Berlin] PHP Deprecated:  Array and string offset access syntax with curly braces is deprecated in /var/www/html/dev-quiz/projet-solo-mathilde/src/Controller/InfoController.php on line 45
[04-Nov-2021 17:48:33 Europe/Berlin] PHP Deprecated:  Array and string offset access syntax with curly braces is deprecated in /var/www/html/dev-quiz/projet-solo-mathilde/src/Controller/InfoController.php on line 41
[04-Nov-2021 17:48:33 Europe/Berlin] PHP Deprecated:  Array and string offset access syntax with curly braces is deprecated in /var/www/html/dev-quiz/projet-solo-mathilde/src/Controller/InfoController.php on line 45
[10-Nov-2021 14:27:44 Europe/Berlin] PHP Deprecated:  Array and string offset access syntax with curly braces is deprecated in /var/www/html/dev-quiz/projet-solo-mathilde/src/Controller/InfoController.php on line 41
[10-Nov-2021 14:27:44 Europe/Berlin] PHP Deprecated:  Array and string offset access syntax with curly braces is deprecated in /var/www/html/dev-quiz/projet-solo-mathilde/src/Controller/InfoController.php on line 45
[14-Nov-2021 03:58:37 Europe/Berlin] PHP Deprecated:  Array and string offset access syntax with curly braces is deprecated in /var/www/html/dev-quiz/projet-solo-mathilde/src/Controller/InfoController.php on line 41
[14-Nov-2021 03:58:37 Europe/Berlin] PHP Deprecated:  Array and string offset access syntax with curly braces is deprecated in /var/www/html/dev-quiz/projet-solo-mathilde/src/Controller/InfoController.php on line 45
[15-Nov-2021 21:02:59 Europe/Berlin] PHP Deprecated:  Array and string offset access syntax with curly braces is deprecated in /var/www/html/dev-quiz/projet-solo-mathilde/src/Controller/InfoController.php on line 41
[15-Nov-2021 21:02:59 Europe/Berlin] PHP Deprecated:  Array and string offset access syntax with curly braces is deprecated in /var/www/html/dev-quiz/projet-solo-mathilde/src/Controller/InfoController.php on line 45
[16-Nov-2021 15:02:14 Europe/Berlin] PHP Fatal error:  Cannot declare class App\Form\QuizCategoryType, because the name is already in use in /var/www/html/dev-quiz/projet-solo-mathilde/src/Form/QuizType.php on line 0
[16-Nov-2021 15:06:54 Europe/Berlin] PHP Fatal error:  Cannot declare class App\Form\QuizCategoryType, because the name is already in use in /var/www/html/dev-quiz/projet-solo-mathilde/src/Form/QuizType.php on line 0
[16-Nov-2021 15:07:15 Europe/Berlin] PHP Fatal error:  Cannot declare class App\Form\QuizCategoryType, because the name is already in use in /var/www/html/dev-quiz/projet-solo-mathilde/src/Form/QuizType.php on line 0
[16-Nov-2021 15:07:17 Europe/Berlin] PHP Fatal error:  Cannot declare class App\Form\QuizCategoryType, because the name is already in use in /var/www/html/dev-quiz/projet-solo-mathilde/src/Form/QuizType.php on line 0
[16-Nov-2021 15:28:21 Europe/Berlin] PHP Fatal error:  Cannot declare class App\Form\QuizCategoryType, because the name is already in use in /var/www/html/dev-quiz/projet-solo-mathilde/src/Form/QuizType.php on line 0
[16-Nov-2021 16:10:23 Europe/Berlin] PHP Fatal error:  Cannot declare class App\Form\QuizCategoryType, because the name is already in use in /var/www/html/dev-quiz/projet-solo-mathilde/src/Form/QuizType.php on line 0
[16-Nov-2021 16:17:48 Europe/Berlin] PHP Fatal error:  Cannot declare class App\Form\QuizCategoryType, because the name is already in use in /var/www/html/dev-quiz/projet-solo-mathilde/src/Form/QuizType.php on line 0
[16-Nov-2021 16:18:57 Europe/Berlin] PHP Fatal error:  Cannot declare class App\Form\SelectCategoryType\SelectCategoryType, because the name is already in use in /var/www/html/dev-quiz/projet-solo-mathilde/src/Form/SelectCategoryType.php on line 0
[18-Nov-2021 16:46:09 Europe/Berlin] PHP Fatal error:  Class App\Form\SelectCategoryType contains 5 abstract methods and must therefore be declared abstract or implement the remaining methods (Symfony\Component\Security\Core\User\UserInterface::getRoles, Symfony\Component\Security\Core\User\UserInterface::getPassword, Symfony\Component\Security\Core\User\UserInterface::getSalt, ...) in /var/www/html/dev-quiz/projet-solo-mathilde/src/Form/SelectCategoryType.php on line 17
[23-Nov-2021 18:36:06 Europe/Berlin] PHP Fatal error:  Cannot declare class App\Form\QuestionsQuizType, because the name is already in use in /var/www/html/dev-quiz/projet-solo-mathilde/src/Form/QuestionsType.php on line 0
[24-Nov-2021 12:14:17 Europe/Berlin] PHP Fatal error:  Cannot declare class App\Form\QuizType, because the name is already in use in /var/www/html/dev-quiz/projet-solo-mathilde/src/Form/QuizSelectedType.php on line 0
[29-Nov-2021 17:22:33 Europe/Berlin] PHP Deprecated:  Array and string offset access syntax with curly braces is deprecated in /var/www/html/dev-quiz/projet-solo-mathilde/src/Controller/InfoController.php on line 41
[29-Nov-2021 17:22:33 Europe/Berlin] PHP Deprecated:  Array and string offset access syntax with curly braces is deprecated in /var/www/html/dev-quiz/projet-solo-mathilde/src/Controller/InfoController.php on line 45
[01-Dec-2021 22:40:52 Europe/Berlin] PHP Fatal error:  Cannot redeclare App\Controller\QuizController::answers() in /var/www/html/dev-quiz/projet-solo-mathilde/src/Controller/QuizController.php on line 198
[02-Dec-2021 13:32:48 Europe/Berlin] PHP Deprecated:  Array and string offset access syntax with curly braces is deprecated in /var/www/html/dev-quiz/projet-solo-mathilde/src/Controller/InfoController.php on line 41
[02-Dec-2021 13:32:48 Europe/Berlin] PHP Deprecated:  Array and string offset access syntax with curly braces is deprecated in /var/www/html/dev-quiz/projet-solo-mathilde/src/Controller/InfoController.php on line 45
[02-Dec-2021 13:34:57 Europe/Berlin] PHP Deprecated:  Array and string offset access syntax with curly braces is deprecated in /var/www/html/dev-quiz/projet-solo-mathilde/src/Controller/InfoController.php on line 41
[02-Dec-2021 13:34:57 Europe/Berlin] PHP Deprecated:  Array and string offset access syntax with curly braces is deprecated in /var/www/html/dev-quiz/projet-solo-mathilde/src/Controller/InfoController.php on line 45
[02-Dec-2021 13:36:10 Europe/Berlin] PHP Deprecated:  Array and string offset access syntax with curly braces is deprecated in /var/www/html/dev-quiz/projet-solo-mathilde/src/Controller/InfoController.php on line 41
[02-Dec-2021 13:36:10 Europe/Berlin] PHP Deprecated:  Array and string offset access syntax with curly braces is deprecated in /var/www/html/dev-quiz/projet-solo-mathilde/src/Controller/InfoController.php on line 45
[02-Dec-2021 13:37:18 Europe/Berlin] PHP Deprecated:  Array and string offset access syntax with curly braces is deprecated in /var/www/html/dev-quiz/projet-solo-mathilde/src/Controller/InfoController.php on line 41
[02-Dec-2021 13:37:18 Europe/Berlin] PHP Deprecated:  Array and string offset access syntax with curly braces is deprecated in /var/www/html/dev-quiz/projet-solo-mathilde/src/Controller/InfoController.php on line 45
[09-Dec-2021 17:55:48 Europe/Berlin] PHP Deprecated:  Array and string offset access syntax with curly braces is deprecated in /var/www/html/dev-quiz/projet-solo-mathilde/src/Controller/InfoController.php on line 41
[09-Dec-2021 17:55:48 Europe/Berlin] PHP Deprecated:  Array and string offset access syntax with curly braces is deprecated in /var/www/html/dev-quiz/projet-solo-mathilde/src/Controller/InfoController.php on line 45
[10-Dec-2021 18:15:01 Europe/Berlin] PHP Fatal error:  Cannot redeclare App\Controller\AnswerController::answers() in /var/www/html/dev-quiz/projet-solo-mathilde/src/Controller/AnswerController.php on line 118
